<?xml version="1.0" encoding="UTF-8"?>
<coverage generated="1666515624441" clover="3.2.0">
  <project timestamp="1666515624441" name="All files">
    <metrics statements="71" coveredstatements="56" conditionals="51" coveredconditionals="31" methods="16" coveredmethods="15" elements="138" coveredelements="102" complexity="0" loc="71" ncloc="71" packages="1" files="1" classes="1"/>
    <file name="useRestoreState.tsx" path="/Users/shizhanhong/Documents/CodeSandbox/test-hook/test/hooks/useRestoreState.tsx">
      <metrics statements="71" coveredstatements="56" conditionals="51" coveredconditionals="31" methods="16" coveredmethods="15"/>
      <line num="23" count="132" type="stmt"/>
      <line num="25" count="1" type="stmt"/>
      <line num="26" count="36" type="cond" truecount="2" falsecount="0"/>
      <line num="27" count="4" type="stmt"/>
      <line num="28" count="32" type="stmt"/>
      <line num="30" count="32" type="cond" truecount="1" falsecount="1"/>
      <line num="31" count="0" type="stmt"/>
      <line num="32" count="0" type="cond" truecount="0" falsecount="2"/>
      <line num="34" count="32" type="cond" truecount="1" falsecount="1"/>
      <line num="35" count="0" type="stmt"/>
      <line num="36" count="0" type="stmt"/>
      <line num="38" count="32" type="cond" truecount="1" falsecount="1"/>
      <line num="39" count="0" type="stmt"/>
      <line num="40" count="0" type="stmt"/>
      <line num="42" count="32" type="stmt"/>
      <line num="44" count="1" type="stmt"/>
      <line num="46" count="12" type="stmt"/>
      <line num="48" count="1" type="stmt"/>
      <line num="49" count="1" type="stmt"/>
      <line num="51" count="1" type="stmt"/>
      <line num="83" count="4" type="stmt"/>
      <line num="84" count="4" type="cond" truecount="1" falsecount="1"/>
      <line num="85" count="4" type="stmt"/>
      <line num="86" count="4" type="stmt"/>
      <line num="87" count="4" type="stmt"/>
      <line num="88" count="1" type="stmt"/>
      <line num="90" count="4" type="cond" truecount="1" falsecount="1"/>
      <line num="91" count="0" type="stmt"/>
      <line num="93" count="4" type="stmt"/>
      <line num="96" count="4" type="cond" truecount="1" falsecount="1"/>
      <line num="98" count="4" type="stmt"/>
      <line num="99" count="3" type="cond" truecount="4" falsecount="1"/>
      <line num="100" count="3" type="stmt"/>
      <line num="101" count="24" type="stmt"/>
      <line num="102" count="3" type="stmt"/>
      <line num="104" count="0" type="stmt"/>
      <line num="107" count="4" type="stmt"/>
      <line num="108" count="4" type="stmt"/>
      <line num="109" count="4" type="stmt"/>
      <line num="110" count="4" type="stmt"/>
      <line num="111" count="4" type="cond" truecount="1" falsecount="1"/>
      <line num="112" count="0" type="stmt"/>
      <line num="114" count="4" type="cond" truecount="1" falsecount="1"/>
      <line num="115" count="0" type="stmt"/>
      <line num="117" count="4" type="stmt"/>
      <line num="119" count="4" type="cond" truecount="3" falsecount="0"/>
      <line num="122" count="4" type="stmt"/>
      <line num="123" count="4" type="cond" truecount="1" falsecount="1"/>
      <line num="124" count="4" type="stmt"/>
      <line num="126" count="0" type="cond" truecount="0" falsecount="2"/>
      <line num="127" count="0" type="stmt"/>
      <line num="129" count="0" type="stmt"/>
      <line num="132" count="4" type="stmt"/>
      <line num="133" count="4" type="stmt"/>
      <line num="134" count="4" type="stmt"/>
      <line num="135" count="4" type="cond" truecount="2" falsecount="0"/>
      <line num="139" count="4" type="stmt"/>
      <line num="141" count="2" type="cond" truecount="2" falsecount="0"/>
      <line num="142" count="1" type="stmt"/>
      <line num="148" count="1" type="stmt"/>
      <line num="153" count="4" type="stmt"/>
      <line num="155" count="4" type="stmt"/>
      <line num="157" count="2" type="cond" truecount="4" falsecount="0"/>
      <line num="158" count="1" type="cond" truecount="1" falsecount="1"/>
      <line num="159" count="1" type="stmt"/>
      <line num="160" count="1" type="stmt"/>
      <line num="162" count="0" type="cond" truecount="0" falsecount="2"/>
      <line num="167" count="4" type="stmt"/>
      <line num="173" count="4" type="stmt"/>
      <line num="174" count="1" type="stmt"/>
      <line num="177" count="0" type="stmt"/>
    </file>
  </project>
</coverage>
