{"/Users/shizhanhong/Documents/CodeSandbox/test-hook/test/hooks/useRestoreState.tsx": {"path":"/Users/shizhanhong/Documents/CodeSandbox/test-hook/test/hooks/useRestoreState.tsx","statementMap":{"0":{"start":{"line":23,"column":2},"end":{"line":23,"column":74}},"1":{"start":{"line":25,"column":16},"end":{"line":43,"column":1}},"2":{"start":{"line":26,"column":2},"end":{"line":29,"column":3}},"3":{"start":{"line":27,"column":19},"end":{"line":27,"column":37}},"4":{"start":{"line":28,"column":4},"end":{"line":28,"column":67}},"5":{"start":{"line":28,"column":46},"end":{"line":28,"column":66}},"6":{"start":{"line":30,"column":2},"end":{"line":33,"column":3}},"7":{"start":{"line":31,"column":18},"end":{"line":31,"column":43}},"8":{"start":{"line":32,"column":4},"end":{"line":32,"column":52}},"9":{"start":{"line":32,"column":48},"end":{"line":32,"column":51}},"10":{"start":{"line":34,"column":2},"end":{"line":37,"column":3}},"11":{"start":{"line":35,"column":16},"end":{"line":35,"column":48}},"12":{"start":{"line":36,"column":4},"end":{"line":36,"column":21}},"13":{"start":{"line":38,"column":2},"end":{"line":41,"column":3}},"14":{"start":{"line":39,"column":16},"end":{"line":39,"column":39}},"15":{"start":{"line":40,"column":4},"end":{"line":40,"column":21}},"16":{"start":{"line":42,"column":2},"end":{"line":42,"column":18}},"17":{"start":{"line":44,"column":21},"end":{"line":47,"column":1}},"18":{"start":{"line":46,"column":2},"end":{"line":46,"column":39}},"19":{"start":{"line":48,"column":22},"end":{"line":48,"column":36}},"20":{"start":{"line":49,"column":16},"end":{"line":49,"column":17}},"21":{"start":{"line":51,"column":21},"end":{"line":54,"column":2}},"22":{"start":{"line":83,"column":6},"end":{"line":83,"column":11}},"23":{"start":{"line":84,"column":2},"end":{"line":84,"column":19}},"24":{"start":{"line":84,"column":13},"end":{"line":84,"column":19}},"25":{"start":{"line":85,"column":2},"end":{"line":178,"column":3}},"26":{"start":{"line":86,"column":25},"end":{"line":86,"column":40}},"27":{"start":{"line":87,"column":20},"end":{"line":89,"column":18}},"28":{"start":{"line":88,"column":6},"end":{"line":88,"column":41}},"29":{"start":{"line":90,"column":4},"end":{"line":92,"column":5}},"30":{"start":{"line":91,"column":6},"end":{"line":91,"column":32}},"31":{"start":{"line":93,"column":28},"end":{"line":95,"column":30}},"32":{"start":{"line":96,"column":32},"end":{"line":96,"column":99}},"33":{"start":{"line":98,"column":25},"end":{"line":105,"column":59}},"34":{"start":{"line":99,"column":6},"end":{"line":103,"column":7}},"35":{"start":{"line":100,"column":41},"end":{"line":100,"column":43}},"36":{"start":{"line":101,"column":8},"end":{"line":101,"column":63}},"37":{"start":{"line":101,"column":33},"end":{"line":101,"column":61}},"38":{"start":{"line":102,"column":8},"end":{"line":102,"column":27}},"39":{"start":{"line":104,"column":6},"end":{"line":104,"column":20}},"40":{"start":{"line":107,"column":21},"end":{"line":120,"column":8}},"41":{"start":{"line":108,"column":26},"end":{"line":108,"column":47}},"42":{"start":{"line":109,"column":26},"end":{"line":109,"column":85}},"43":{"start":{"line":110,"column":29},"end":{"line":118,"column":10}},"44":{"start":{"line":111,"column":8},"end":{"line":113,"column":9}},"45":{"start":{"line":112,"column":10},"end":{"line":112,"column":35}},"46":{"start":{"line":114,"column":8},"end":{"line":116,"column":9}},"47":{"start":{"line":115,"column":10},"end":{"line":115,"column":29}},"48":{"start":{"line":117,"column":8},"end":{"line":117,"column":19}},"49":{"start":{"line":119,"column":6},"end":{"line":119,"column":57}},"50":{"start":{"line":122,"column":27},"end":{"line":130,"column":8}},"51":{"start":{"line":123,"column":6},"end":{"line":125,"column":7}},"52":{"start":{"line":124,"column":8},"end":{"line":124,"column":35}},"53":{"start":{"line":126,"column":6},"end":{"line":128,"column":7}},"54":{"start":{"line":127,"column":8},"end":{"line":127,"column":27}},"55":{"start":{"line":129,"column":6},"end":{"line":129,"column":17}},"56":{"start":{"line":132,"column":23},"end":{"line":136,"column":8}},"57":{"start":{"line":133,"column":28},"end":{"line":133,"column":40}},"58":{"start":{"line":134,"column":26},"end":{"line":134,"column":85}},"59":{"start":{"line":135,"column":6},"end":{"line":135,"column":41}},"60":{"start":{"line":139,"column":35},"end":{"line":152,"column":5}},"61":{"start":{"line":141,"column":8},"end":{"line":149,"column":9}},"62":{"start":{"line":142,"column":10},"end":{"line":147,"column":11}},"63":{"start":{"line":148,"column":10},"end":{"line":148,"column":29}},"64":{"start":{"line":153,"column":4},"end":{"line":153,"column":66}},"65":{"start":{"line":155,"column":37},"end":{"line":166,"column":5}},"66":{"start":{"line":157,"column":8},"end":{"line":163,"column":9}},"67":{"start":{"line":158,"column":10},"end":{"line":161,"column":11}},"68":{"start":{"line":159,"column":12},"end":{"line":159,"column":51}},"69":{"start":{"line":160,"column":12},"end":{"line":160,"column":18}},"70":{"start":{"line":162,"column":10},"end":{"line":162,"column":70}},"71":{"start":{"line":162,"column":31},"end":{"line":162,"column":70}},"72":{"start":{"line":167,"column":4},"end":{"line":167,"column":48}},"73":{"start":{"line":173,"column":4},"end":{"line":175,"column":6}},"74":{"start":{"line":174,"column":6},"end":{"line":174,"column":19}},"75":{"start":{"line":177,"column":4},"end":{"line":177,"column":41}}},"fnMap":{"0":{"name":"typeOf","decl":{"start":{"line":22,"column":9},"end":{"line":22,"column":15}},"loc":{"start":{"line":22,"column":33},"end":{"line":24,"column":1}},"line":22},"1":{"name":"(anonymous_1)","decl":{"start":{"line":25,"column":16},"end":{"line":25,"column":17}},"loc":{"start":{"line":25,"column":47},"end":{"line":43,"column":1}},"line":25},"2":{"name":"(anonymous_2)","decl":{"start":{"line":28,"column":37},"end":{"line":28,"column":38}},"loc":{"start":{"line":28,"column":46},"end":{"line":28,"column":66}},"line":28},"3":{"name":"(anonymous_3)","decl":{"start":{"line":32,"column":41},"end":{"line":32,"column":42}},"loc":{"start":{"line":32,"column":48},"end":{"line":32,"column":51}},"line":32},"4":{"name":"(anonymous_4)","decl":{"start":{"line":44,"column":21},"end":{"line":44,"column":22}},"loc":{"start":{"line":44,"column":52},"end":{"line":47,"column":1}},"line":44},"5":{"name":"useRestoreState","decl":{"start":{"line":65,"column":9},"end":{"line":65,"column":24}},"loc":{"start":{"line":74,"column":3},"end":{"line":179,"column":1}},"line":74},"6":{"name":"(anonymous_6)","decl":{"start":{"line":87,"column":28},"end":{"line":87,"column":29}},"loc":{"start":{"line":87,"column":34},"end":{"line":89,"column":5}},"line":87},"7":{"name":"(anonymous_7)","decl":{"start":{"line":98,"column":33},"end":{"line":98,"column":34}},"loc":{"start":{"line":98,"column":39},"end":{"line":105,"column":5}},"line":98},"8":{"name":"(anonymous_8)","decl":{"start":{"line":101,"column":25},"end":{"line":101,"column":26}},"loc":{"start":{"line":101,"column":33},"end":{"line":101,"column":61}},"line":101},"9":{"name":"(anonymous_9)","decl":{"start":{"line":107,"column":22},"end":{"line":107,"column":23}},"loc":{"start":{"line":107,"column":28},"end":{"line":120,"column":5}},"line":107},"10":{"name":"(anonymous_10)","decl":{"start":{"line":110,"column":30},"end":{"line":110,"column":31}},"loc":{"start":{"line":110,"column":36},"end":{"line":118,"column":7}},"line":110},"11":{"name":"(anonymous_11)","decl":{"start":{"line":122,"column":28},"end":{"line":122,"column":29}},"loc":{"start":{"line":122,"column":34},"end":{"line":130,"column":5}},"line":122},"12":{"name":"(anonymous_12)","decl":{"start":{"line":132,"column":24},"end":{"line":132,"column":25}},"loc":{"start":{"line":132,"column":30},"end":{"line":136,"column":5}},"line":132},"13":{"name":"(anonymous_13)","decl":{"start":{"line":140,"column":6},"end":{"line":140,"column":7}},"loc":{"start":{"line":140,"column":12},"end":{"line":150,"column":7}},"line":140},"14":{"name":"(anonymous_14)","decl":{"start":{"line":156,"column":6},"end":{"line":156,"column":7}},"loc":{"start":{"line":156,"column":12},"end":{"line":164,"column":7}},"line":156},"15":{"name":"(anonymous_15)","decl":{"start":{"line":173,"column":13},"end":{"line":173,"column":14}},"loc":{"start":{"line":173,"column":19},"end":{"line":175,"column":5}},"line":173}},"branchMap":{"0":{"loc":{"start":{"line":26,"column":2},"end":{"line":29,"column":3}},"type":"if","locations":[{"start":{"line":26,"column":2},"end":{"line":29,"column":3}},{"start":{},"end":{}}],"line":26},"1":{"loc":{"start":{"line":30,"column":2},"end":{"line":33,"column":3}},"type":"if","locations":[{"start":{"line":30,"column":2},"end":{"line":33,"column":3}},{"start":{},"end":{}}],"line":30},"2":{"loc":{"start":{"line":32,"column":11},"end":{"line":32,"column":52}},"type":"binary-expr","locations":[{"start":{"line":32,"column":11},"end":{"line":32,"column":25}},{"start":{"line":32,"column":29},"end":{"line":32,"column":52}}],"line":32},"3":{"loc":{"start":{"line":34,"column":2},"end":{"line":37,"column":3}},"type":"if","locations":[{"start":{"line":34,"column":2},"end":{"line":37,"column":3}},{"start":{},"end":{}}],"line":34},"4":{"loc":{"start":{"line":38,"column":2},"end":{"line":41,"column":3}},"type":"if","locations":[{"start":{"line":38,"column":2},"end":{"line":41,"column":3}},{"start":{},"end":{}}],"line":38},"5":{"loc":{"start":{"line":78,"column":4},"end":{"line":78,"column":20}},"type":"default-arg","locations":[{"start":{"line":78,"column":11},"end":{"line":78,"column":20}}],"line":78},"6":{"loc":{"start":{"line":79,"column":4},"end":{"line":79,"column":16}},"type":"default-arg","locations":[{"start":{"line":79,"column":11},"end":{"line":79,"column":16}}],"line":79},"7":{"loc":{"start":{"line":80,"column":13},"end":{"line":80,"column":23}},"type":"default-arg","locations":[{"start":{"line":80,"column":21},"end":{"line":80,"column":23}}],"line":80},"8":{"loc":{"start":{"line":81,"column":25},"end":{"line":81,"column":47}},"type":"default-arg","locations":[{"start":{"line":81,"column":34},"end":{"line":81,"column":47}}],"line":81},"9":{"loc":{"start":{"line":81,"column":49},"end":{"line":81,"column":60}},"type":"default-arg","locations":[{"start":{"line":81,"column":57},"end":{"line":81,"column":60}}],"line":81},"10":{"loc":{"start":{"line":84,"column":2},"end":{"line":84,"column":19}},"type":"if","locations":[{"start":{"line":84,"column":2},"end":{"line":84,"column":19}},{"start":{},"end":{}}],"line":84},"11":{"loc":{"start":{"line":90,"column":4},"end":{"line":92,"column":5}},"type":"if","locations":[{"start":{"line":90,"column":4},"end":{"line":92,"column":5}},{"start":{},"end":{}}],"line":90},"12":{"loc":{"start":{"line":96,"column":68},"end":{"line":96,"column":98}},"type":"binary-expr","locations":[{"start":{"line":96,"column":68},"end":{"line":96,"column":71}},{"start":{"line":96,"column":75},"end":{"line":96,"column":98}}],"line":96},"13":{"loc":{"start":{"line":99,"column":6},"end":{"line":103,"column":7}},"type":"if","locations":[{"start":{"line":99,"column":6},"end":{"line":103,"column":7}},{"start":{},"end":{}}],"line":99},"14":{"loc":{"start":{"line":99,"column":10},"end":{"line":99,"column":75}},"type":"binary-expr","locations":[{"start":{"line":99,"column":10},"end":{"line":99,"column":17}},{"start":{"line":99,"column":21},"end":{"line":99,"column":48}},{"start":{"line":99,"column":52},"end":{"line":99,"column":75}}],"line":99},"15":{"loc":{"start":{"line":111,"column":8},"end":{"line":113,"column":9}},"type":"if","locations":[{"start":{"line":111,"column":8},"end":{"line":113,"column":9}},{"start":{},"end":{}}],"line":111},"16":{"loc":{"start":{"line":114,"column":8},"end":{"line":116,"column":9}},"type":"if","locations":[{"start":{"line":114,"column":8},"end":{"line":116,"column":9}},{"start":{},"end":{}}],"line":114},"17":{"loc":{"start":{"line":119,"column":13},"end":{"line":119,"column":57}},"type":"binary-expr","locations":[{"start":{"line":119,"column":13},"end":{"line":119,"column":24}},{"start":{"line":119,"column":28},"end":{"line":119,"column":39}},{"start":{"line":119,"column":43},"end":{"line":119,"column":57}}],"line":119},"18":{"loc":{"start":{"line":123,"column":6},"end":{"line":125,"column":7}},"type":"if","locations":[{"start":{"line":123,"column":6},"end":{"line":125,"column":7}},{"start":{},"end":{}}],"line":123},"19":{"loc":{"start":{"line":126,"column":6},"end":{"line":128,"column":7}},"type":"if","locations":[{"start":{"line":126,"column":6},"end":{"line":128,"column":7}},{"start":{},"end":{}}],"line":126},"20":{"loc":{"start":{"line":135,"column":13},"end":{"line":135,"column":41}},"type":"binary-expr","locations":[{"start":{"line":135,"column":13},"end":{"line":135,"column":26}},{"start":{"line":135,"column":30},"end":{"line":135,"column":41}}],"line":135},"21":{"loc":{"start":{"line":141,"column":8},"end":{"line":149,"column":9}},"type":"if","locations":[{"start":{"line":141,"column":8},"end":{"line":149,"column":9}},{"start":{},"end":{}}],"line":141},"22":{"loc":{"start":{"line":143,"column":46},"end":{"line":143,"column":70}},"type":"cond-expr","locations":[{"start":{"line":143,"column":59},"end":{"line":143,"column":63}},{"start":{"line":143,"column":66},"end":{"line":143,"column":70}}],"line":143},"23":{"loc":{"start":{"line":157,"column":8},"end":{"line":163,"column":9}},"type":"if","locations":[{"start":{"line":157,"column":8},"end":{"line":163,"column":9}},{"start":{},"end":{}}],"line":157},"24":{"loc":{"start":{"line":157,"column":12},"end":{"line":157,"column":40}},"type":"binary-expr","locations":[{"start":{"line":157,"column":12},"end":{"line":157,"column":26}},{"start":{"line":157,"column":30},"end":{"line":157,"column":40}}],"line":157},"25":{"loc":{"start":{"line":158,"column":10},"end":{"line":161,"column":11}},"type":"if","locations":[{"start":{"line":158,"column":10},"end":{"line":161,"column":11}},{"start":{},"end":{}}],"line":158},"26":{"loc":{"start":{"line":162,"column":10},"end":{"line":162,"column":70}},"type":"if","locations":[{"start":{"line":162,"column":10},"end":{"line":162,"column":70}},{"start":{},"end":{}}],"line":162}},"s":{"0":132,"1":1,"2":36,"3":4,"4":4,"5":32,"6":32,"7":0,"8":0,"9":0,"10":32,"11":0,"12":0,"13":32,"14":0,"15":0,"16":32,"17":1,"18":12,"19":1,"20":1,"21":1,"22":4,"23":4,"24":0,"25":4,"26":4,"27":4,"28":1,"29":4,"30":0,"31":4,"32":4,"33":4,"34":3,"35":3,"36":3,"37":24,"38":3,"39":0,"40":4,"41":4,"42":4,"43":4,"44":4,"45":0,"46":4,"47":0,"48":4,"49":4,"50":4,"51":4,"52":4,"53":0,"54":0,"55":0,"56":4,"57":4,"58":4,"59":4,"60":4,"61":2,"62":1,"63":1,"64":4,"65":4,"66":2,"67":1,"68":1,"69":1,"70":0,"71":0,"72":4,"73":4,"74":1,"75":0},"f":{"0":132,"1":36,"2":32,"3":0,"4":12,"5":4,"6":1,"7":3,"8":24,"9":4,"10":4,"11":4,"12":4,"13":2,"14":2,"15":1},"b":{"0":[4,32],"1":[0,32],"2":[0,0],"3":[0,32],"4":[0,32],"5":[0],"6":[0],"7":[4],"8":[4],"9":[4],"10":[0,4],"11":[0,4],"12":[4,0],"13":[3,0],"14":[3,3,3],"15":[0,4],"16":[0,4],"17":[4,2,1],"18":[4,0],"19":[0,0],"20":[4,2],"21":[1,1],"22":[0,1],"23":[1,1],"24":[2,1],"25":[1,0],"26":[0,0]},"_coverageSchema":"1a1c01bbd47fc00a2c39e90264f33305004495a9","hash":"a97128058dbf02a849ae45427508279bc23dbcc4"}
}
