TN:
SF:test/hooks/useRestoreState.tsx
FN:22,typeOf
FN:25,(anonymous_1)
FN:28,(anonymous_2)
FN:32,(anonymous_3)
FN:44,(anonymous_4)
FN:65,useRestoreState
FN:87,(anonymous_6)
FN:98,(anonymous_7)
FN:101,(anonymous_8)
FN:107,(anonymous_9)
FN:110,(anonymous_10)
FN:122,(anonymous_11)
FN:132,(anonymous_12)
FN:140,(anonymous_13)
FN:156,(anonymous_14)
FN:173,(anonymous_15)
FNF:16
FNH:15
FNDA:132,typeOf
FNDA:36,(anonymous_1)
FNDA:32,(anonymous_2)
FNDA:0,(anonymous_3)
FNDA:12,(anonymous_4)
FNDA:4,useRestoreState
FNDA:1,(anonymous_6)
FNDA:3,(anonymous_7)
FNDA:24,(anonymous_8)
FNDA:4,(anonymous_9)
FNDA:4,(anonymous_10)
FNDA:4,(anonymous_11)
FNDA:4,(anonymous_12)
FNDA:2,(anonymous_13)
FNDA:2,(anonymous_14)
FNDA:1,(anonymous_15)
DA:23,132
DA:25,1
DA:26,36
DA:27,4
DA:28,32
DA:30,32
DA:31,0
DA:32,0
DA:34,32
DA:35,0
DA:36,0
DA:38,32
DA:39,0
DA:40,0
DA:42,32
DA:44,1
DA:46,12
DA:48,1
DA:49,1
DA:51,1
DA:83,4
DA:84,4
DA:85,4
DA:86,4
DA:87,4
DA:88,1
DA:90,4
DA:91,0
DA:93,4
DA:96,4
DA:98,4
DA:99,3
DA:100,3
DA:101,24
DA:102,3
DA:104,0
DA:107,4
DA:108,4
DA:109,4
DA:110,4
DA:111,4
DA:112,0
DA:114,4
DA:115,0
DA:117,4
DA:119,4
DA:122,4
DA:123,4
DA:124,4
DA:126,0
DA:127,0
DA:129,0
DA:132,4
DA:133,4
DA:134,4
DA:135,4
DA:139,4
DA:141,2
DA:142,1
DA:148,1
DA:153,4
DA:155,4
DA:157,2
DA:158,1
DA:159,1
DA:160,1
DA:162,0
DA:167,4
DA:173,4
DA:174,1
DA:177,0
LF:71
LH:56
BRDA:26,0,0,4
BRDA:26,0,1,32
BRDA:30,1,0,0
BRDA:30,1,1,32
BRDA:32,2,0,0
BRDA:32,2,1,0
BRDA:34,3,0,0
BRDA:34,3,1,32
BRDA:38,4,0,0
BRDA:38,4,1,32
BRDA:78,5,0,0
BRDA:79,6,0,0
BRDA:80,7,0,4
BRDA:81,8,0,4
BRDA:81,9,0,4
BRDA:84,10,0,0
BRDA:84,10,1,4
BRDA:90,11,0,0
BRDA:90,11,1,4
BRDA:96,12,0,4
BRDA:96,12,1,0
BRDA:99,13,0,3
BRDA:99,13,1,0
BRDA:99,14,0,3
BRDA:99,14,1,3
BRDA:99,14,2,3
BRDA:111,15,0,0
BRDA:111,15,1,4
BRDA:114,16,0,0
BRDA:114,16,1,4
BRDA:119,17,0,4
BRDA:119,17,1,2
BRDA:119,17,2,1
BRDA:123,18,0,4
BRDA:123,18,1,0
BRDA:126,19,0,0
BRDA:126,19,1,0
BRDA:135,20,0,4
BRDA:135,20,1,2
BRDA:141,21,0,1
BRDA:141,21,1,1
BRDA:143,22,0,0
BRDA:143,22,1,1
BRDA:157,23,0,1
BRDA:157,23,1,1
BRDA:157,24,0,2
BRDA:157,24,1,1
BRDA:158,25,0,1
BRDA:158,25,1,0
BRDA:162,26,0,0
BRDA:162,26,1,0
BRF:51
BRH:31
end_of_record
